2020-02-06 19:57:17,135 [Worker-4: Loading available Gradle versions] INFO  o.e.b.c.i.u.g.PublishedGradleVersions - Gradle version information cache is not available. Remote download required.
2020-02-07 09:01:16,146 [Worker-10: Loading available Gradle versions] INFO  o.e.b.c.i.u.g.PublishedGradleVersions - Gradle version information cache is up-to-date. Trying to read.
2020-02-07 09:30:41,205 [Worker-3: Loading available Gradle versions] INFO  o.e.b.c.i.u.g.PublishedGradleVersions - Gradle version information cache is up-to-date. Trying to read.
2020-02-07 17:48:37,202 [Worker-0: Loading available Gradle versions] INFO  o.e.b.c.i.u.g.PublishedGradleVersions - Gradle version information cache is up-to-date. Trying to read.
2020-02-07 17:51:25,721 [Worker-4: Loading available Gradle versions] INFO  o.e.b.c.i.u.g.PublishedGradleVersions - Gradle version information cache is up-to-date. Trying to read.
2020-02-07 18:38:37,022 [Worker-3: Loading available Gradle versions] INFO  o.e.b.c.i.u.g.PublishedGradleVersions - Gradle version information cache is up-to-date. Trying to read.
2020-02-10 09:14:08,110 [Worker-4: Loading available Gradle versions] INFO  o.e.b.c.i.u.g.PublishedGradleVersions - Gradle version information cache is out-of-date. Trying to update.
2020-02-10 14:08:02,822 [Worker-3: Loading available Gradle versions] INFO  o.e.b.c.i.u.g.PublishedGradleVersions - Gradle version information cache is up-to-date. Trying to read.
2020-02-11 09:06:25,597 [Worker-0: Loading available Gradle versions] INFO  o.e.b.c.i.u.g.PublishedGradleVersions - Gradle version information cache is up-to-date. Trying to read.
2020-02-12 08:56:24,106 [Worker-4: Loading available Gradle versions] INFO  o.e.b.c.i.u.g.PublishedGradleVersions - Gradle version information cache is out-of-date. Trying to update.
2020-02-13 09:31:06,636 [Worker-0: Loading available Gradle versions] INFO  o.e.b.c.i.u.g.PublishedGradleVersions - Gradle version information cache is out-of-date. Trying to update.
2020-02-13 14:42:20,328 [Worker-3: Loading available Gradle versions] INFO  o.e.b.c.i.u.g.PublishedGradleVersions - Gradle version information cache is up-to-date. Trying to read.
2020-02-13 14:43:01,478 [Worker-1: Loading available Gradle versions] INFO  o.e.b.c.i.u.g.PublishedGradleVersions - Gradle version information cache is up-to-date. Trying to read.
2020-02-13 17:38:27,872 [Worker-2: Loading available Gradle versions] INFO  o.e.b.c.i.u.g.PublishedGradleVersions - Gradle version information cache is up-to-date. Trying to read.
2020-02-13 18:20:26,209 [Worker-2: Loading available Gradle versions] INFO  o.e.b.c.i.u.g.PublishedGradleVersions - Gradle version information cache is up-to-date. Trying to read.
2020-02-13 18:23:39,907 [Worker-0: Loading available Gradle versions] INFO  o.e.b.c.i.u.g.PublishedGradleVersions - Gradle version information cache is up-to-date. Trying to read.
2020-02-14 09:07:39,064 [Worker-3: Loading available Gradle versions] INFO  o.e.b.c.i.u.g.PublishedGradleVersions - Gradle version information cache is up-to-date. Trying to read.
2020-02-14 17:13:15,145 [Worker-1: Loading available Gradle versions] INFO  o.e.b.c.i.u.g.PublishedGradleVersions - Gradle version information cache is out-of-date. Trying to update.
2020-02-14 17:37:18,436 [Worker-3: Loading available Gradle versions] INFO  o.e.b.c.i.u.g.PublishedGradleVersions - Gradle version information cache is up-to-date. Trying to read.
2020-02-14 18:11:46,926 [Worker-3: Loading available Gradle versions] INFO  o.e.b.c.i.u.g.PublishedGradleVersions - Gradle version information cache is up-to-date. Trying to read.
2020-02-16 10:16:53,101 [Worker-4: Loading available Gradle versions] INFO  o.e.b.c.i.u.g.PublishedGradleVersions - Gradle version information cache is out-of-date. Trying to update.
2020-02-16 12:34:35,943 [Worker-4: Loading available Gradle versions] INFO  o.e.b.c.i.u.g.PublishedGradleVersions - Gradle version information cache is up-to-date. Trying to read.
2020-02-17 09:05:19,008 [Worker-4: Loading available Gradle versions] INFO  o.e.b.c.i.u.g.PublishedGradleVersions - Gradle version information cache is up-to-date. Trying to read.
2020-02-18 09:03:41,618 [Worker-2: Loading available Gradle versions] INFO  o.e.b.c.i.u.g.PublishedGradleVersions - Gradle version information cache is out-of-date. Trying to update.
2020-02-18 13:50:36,458 [Worker-8: Loading available Gradle versions] INFO  o.e.b.c.i.u.g.PublishedGradleVersions - Gradle version information cache is up-to-date. Trying to read.
2020-02-19 09:09:10,176 [Worker-4: Loading available Gradle versions] INFO  o.e.b.c.i.u.g.PublishedGradleVersions - Gradle version information cache is out-of-date. Trying to update.
2020-02-19 14:01:35,511 [Worker-4: Loading available Gradle versions] INFO  o.e.b.c.i.u.g.PublishedGradleVersions - Gradle version information cache is up-to-date. Trying to read.
2020-02-19 16:15:32,336 [Worker-5: Loading available Gradle versions] INFO  o.e.b.c.i.u.g.PublishedGradleVersions - Gradle version information cache is up-to-date. Trying to read.
2020-02-20 10:52:23,388 [Worker-5: Loading available Gradle versions] INFO  o.e.b.c.i.u.g.PublishedGradleVersions - Gradle version information cache is out-of-date. Trying to update.
2020-02-21 12:22:47,755 [Worker-5: Loading available Gradle versions] INFO  o.e.b.c.i.u.g.PublishedGradleVersions - Gradle version information cache is out-of-date. Trying to update.
2020-02-21 18:21:11,419 [Worker-0: Loading available Gradle versions] INFO  o.e.b.c.i.u.g.PublishedGradleVersions - Gradle version information cache is up-to-date. Trying to read.
2020-02-22 14:02:04,503 [Worker-1: Loading available Gradle versions] INFO  o.e.b.c.i.u.g.PublishedGradleVersions - Gradle version information cache is out-of-date. Trying to update.
2020-02-24 10:00:02,362 [Worker-0: Loading available Gradle versions] INFO  o.e.b.c.i.u.g.PublishedGradleVersions - Gradle version information cache is out-of-date. Trying to update.
2020-02-25 09:06:46,220 [Worker-3: Loading available Gradle versions] INFO  o.e.b.c.i.u.g.PublishedGradleVersions - Gradle version information cache is up-to-date. Trying to read.
2020-02-25 15:30:49,244 [Worker-2: Loading available Gradle versions] INFO  o.e.b.c.i.u.g.PublishedGradleVersions - Gradle version information cache is out-of-date. Trying to update.
2020-02-25 15:35:57,184 [Worker-1: Loading available Gradle versions] INFO  o.e.b.c.i.u.g.PublishedGradleVersions - Gradle version information cache is up-to-date. Trying to read.
2020-02-25 15:37:49,397 [Worker-0: Loading available Gradle versions] INFO  o.e.b.c.i.u.g.PublishedGradleVersions - Gradle version information cache is up-to-date. Trying to read.
2020-02-25 15:39:55,594 [Worker-1: Loading available Gradle versions] INFO  o.e.b.c.i.u.g.PublishedGradleVersions - Gradle version information cache is up-to-date. Trying to read.
2020-02-25 15:41:15,846 [Worker-2: Loading available Gradle versions] INFO  o.e.b.c.i.u.g.PublishedGradleVersions - Gradle version information cache is up-to-date. Trying to read.
2020-02-26 09:05:41,488 [Worker-7: Loading available Gradle versions] INFO  o.e.b.c.i.u.g.PublishedGradleVersions - Gradle version information cache is up-to-date. Trying to read.
2020-02-26 10:23:46,194 [Worker-1: Loading available Gradle versions] INFO  o.e.b.c.i.u.g.PublishedGradleVersions - Gradle version information cache is up-to-date. Trying to read.
2020-02-26 10:59:07,045 [Worker-1: Loading available Gradle versions] INFO  o.e.b.c.i.u.g.PublishedGradleVersions - Gradle version information cache is up-to-date. Trying to read.
2020-02-26 14:28:04,107 [Worker-0: Loading available Gradle versions] INFO  o.e.b.c.i.u.g.PublishedGradleVersions - Gradle version information cache is up-to-date. Trying to read.
2020-03-05 09:25:59,738 [Worker-0: Loading available Gradle versions] INFO  o.e.b.c.i.u.g.PublishedGradleVersions - Gradle version information cache is out-of-date. Trying to update.
2020-03-05 11:12:17,135 [Worker-1: Loading available Gradle versions] INFO  o.e.b.c.i.u.g.PublishedGradleVersions - Gradle version information cache is up-to-date. Trying to read.
2020-03-06 09:14:48,766 [Worker-1: Loading available Gradle versions] INFO  o.e.b.c.i.u.g.PublishedGradleVersions - Gradle version information cache is up-to-date. Trying to read.
2020-03-06 09:20:58,003 [Worker-0: Loading available Gradle versions] INFO  o.e.b.c.i.u.g.PublishedGradleVersions - Gradle version information cache is up-to-date. Trying to read.
2020-03-06 16:36:57,228 [Worker-4: Loading available Gradle versions] INFO  o.e.b.c.i.u.g.PublishedGradleVersions - Gradle version information cache is out-of-date. Trying to update.
2020-03-06 17:28:10,180 [Worker-0: Loading available Gradle versions] INFO  o.e.b.c.i.u.g.PublishedGradleVersions - Gradle version information cache is up-to-date. Trying to read.
2020-03-06 17:45:53,955 [Worker-0: Loading available Gradle versions] INFO  o.e.b.c.i.u.g.PublishedGradleVersions - Gradle version information cache is up-to-date. Trying to read.
2020-03-06 18:46:46,655 [Worker-2: Loading available Gradle versions] INFO  o.e.b.c.i.u.g.PublishedGradleVersions - Gradle version information cache is up-to-date. Trying to read.
2020-03-09 09:00:52,121 [Worker-1: Loading available Gradle versions] INFO  o.e.b.c.i.u.g.PublishedGradleVersions - Gradle version information cache is out-of-date. Trying to update.
2020-03-09 12:45:35,853 [Worker-2: Loading available Gradle versions] INFO  o.e.b.c.i.u.g.PublishedGradleVersions - Gradle version information cache is up-to-date. Trying to read.
2020-03-09 12:47:50,318 [Worker-3: Loading available Gradle versions] INFO  o.e.b.c.i.u.g.PublishedGradleVersions - Gradle version information cache is up-to-date. Trying to read.
2020-03-09 13:09:58,640 [Worker-2: Loading available Gradle versions] INFO  o.e.b.c.i.u.g.PublishedGradleVersions - Gradle version information cache is up-to-date. Trying to read.
2020-03-09 13:11:46,156 [Worker-2: Loading available Gradle versions] INFO  o.e.b.c.i.u.g.PublishedGradleVersions - Gradle version information cache is up-to-date. Trying to read.
2020-03-09 14:05:48,254 [Worker-3: Loading available Gradle versions] INFO  o.e.b.c.i.u.g.PublishedGradleVersions - Gradle version information cache is up-to-date. Trying to read.
2020-03-09 14:29:09,022 [Worker-3: Loading available Gradle versions] INFO  o.e.b.c.i.u.g.PublishedGradleVersions - Gradle version information cache is up-to-date. Trying to read.
2020-03-09 18:47:40,752 [Worker-0: Loading available Gradle versions] INFO  o.e.b.c.i.u.g.PublishedGradleVersions - Gradle version information cache is up-to-date. Trying to read.
2020-03-09 19:57:13,299 [Worker-5: Loading available Gradle versions] INFO  o.e.b.c.i.u.g.PublishedGradleVersions - Gradle version information cache is up-to-date. Trying to read.
2020-03-10 09:08:12,405 [Worker-0: Loading available Gradle versions] INFO  o.e.b.c.i.u.g.PublishedGradleVersions - Gradle version information cache is out-of-date. Trying to update.
2020-03-11 13:06:27,267 [Worker-1: Loading available Gradle versions] INFO  o.e.b.c.i.u.g.PublishedGradleVersions - Gradle version information cache is out-of-date. Trying to update.
2020-03-11 17:36:20,120 [Worker-5: Loading available Gradle versions] INFO  o.e.b.c.i.u.g.PublishedGradleVersions - Gradle version information cache is up-to-date. Trying to read.
2020-03-12 09:14:23,920 [Worker-1: Loading available Gradle versions] INFO  o.e.b.c.i.u.g.PublishedGradleVersions - Gradle version information cache is up-to-date. Trying to read.
2020-03-12 12:27:32,497 [Worker-2: Loading available Gradle versions] INFO  o.e.b.c.i.u.g.PublishedGradleVersions - Gradle version information cache is up-to-date. Trying to read.
2020-03-12 12:28:52,581 [Worker-0: Loading available Gradle versions] INFO  o.e.b.c.i.u.g.PublishedGradleVersions - Gradle version information cache is up-to-date. Trying to read.
2020-03-12 13:20:10,490 [Worker-0: Loading available Gradle versions] INFO  o.e.b.c.i.u.g.PublishedGradleVersions - Gradle version information cache is out-of-date. Trying to update.
2020-03-12 15:54:18,429 [Worker-3: Loading available Gradle versions] INFO  o.e.b.c.i.u.g.PublishedGradleVersions - Gradle version information cache is up-to-date. Trying to read.
2020-03-12 16:13:45,050 [Worker-3: Loading available Gradle versions] INFO  o.e.b.c.i.u.g.PublishedGradleVersions - Gradle version information cache is up-to-date. Trying to read.
2020-03-12 16:30:13,430 [Worker-1: Loading available Gradle versions] INFO  o.e.b.c.i.u.g.PublishedGradleVersions - Gradle version information cache is up-to-date. Trying to read.
2020-03-12 16:31:59,281 [Worker-6: Loading available Gradle versions] INFO  o.e.b.c.i.u.g.PublishedGradleVersions - Gradle version information cache is up-to-date. Trying to read.
2020-03-12 16:49:22,064 [Worker-0: Loading available Gradle versions] INFO  o.e.b.c.i.u.g.PublishedGradleVersions - Gradle version information cache is up-to-date. Trying to read.
2020-03-12 16:52:18,773 [Worker-1: Loading available Gradle versions] INFO  o.e.b.c.i.u.g.PublishedGradleVersions - Gradle version information cache is up-to-date. Trying to read.
2020-03-12 17:29:03,166 [Worker-4: Loading available Gradle versions] INFO  o.e.b.c.i.u.g.PublishedGradleVersions - Gradle version information cache is up-to-date. Trying to read.
2020-03-12 17:31:56,765 [Worker-3: Loading available Gradle versions] INFO  o.e.b.c.i.u.g.PublishedGradleVersions - Gradle version information cache is up-to-date. Trying to read.
2020-03-12 17:33:02,689 [Worker-3: Loading available Gradle versions] INFO  o.e.b.c.i.u.g.PublishedGradleVersions - Gradle version information cache is up-to-date. Trying to read.
2020-03-12 17:34:05,788 [Worker-2: Loading available Gradle versions] INFO  o.e.b.c.i.u.g.PublishedGradleVersions - Gradle version information cache is up-to-date. Trying to read.
2020-03-12 17:42:06,566 [Worker-4: Loading available Gradle versions] INFO  o.e.b.c.i.u.g.PublishedGradleVersions - Gradle version information cache is up-to-date. Trying to read.
2020-03-12 17:45:04,057 [Worker-0: Loading available Gradle versions] INFO  o.e.b.c.i.u.g.PublishedGradleVersions - Gradle version information cache is up-to-date. Trying to read.
2020-03-12 17:46:31,344 [Worker-3: Loading available Gradle versions] INFO  o.e.b.c.i.u.g.PublishedGradleVersions - Gradle version information cache is up-to-date. Trying to read.
2020-03-12 18:07:01,475 [Worker-3: Loading available Gradle versions] INFO  o.e.b.c.i.u.g.PublishedGradleVersions - Gradle version information cache is up-to-date. Trying to read.
2020-03-12 18:12:16,258 [Worker-3: Loading available Gradle versions] INFO  o.e.b.c.i.u.g.PublishedGradleVersions - Gradle version information cache is up-to-date. Trying to read.
2020-03-12 18:14:43,703 [Worker-6: Loading available Gradle versions] INFO  o.e.b.c.i.u.g.PublishedGradleVersions - Gradle version information cache is up-to-date. Trying to read.
2020-03-12 18:17:01,444 [Worker-0: Loading available Gradle versions] INFO  o.e.b.c.i.u.g.PublishedGradleVersions - Gradle version information cache is up-to-date. Trying to read.
2020-03-12 18:18:05,117 [Worker-5: Loading available Gradle versions] INFO  o.e.b.c.i.u.g.PublishedGradleVersions - Gradle version information cache is up-to-date. Trying to read.
2020-03-12 18:44:06,413 [Worker-0: Loading available Gradle versions] INFO  o.e.b.c.i.u.g.PublishedGradleVersions - Gradle version information cache is up-to-date. Trying to read.
2020-03-13 09:08:35,250 [Worker-3: Loading available Gradle versions] INFO  o.e.b.c.i.u.g.PublishedGradleVersions - Gradle version information cache is up-to-date. Trying to read.
2020-03-13 09:30:59,783 [Worker-2: Loading available Gradle versions] INFO  o.e.b.c.i.u.g.PublishedGradleVersions - Gradle version information cache is up-to-date. Trying to read.
2020-03-13 09:31:41,447 [Worker-5: Loading available Gradle versions] INFO  o.e.b.c.i.u.g.PublishedGradleVersions - Gradle version information cache is up-to-date. Trying to read.
2020-03-13 09:32:21,162 [Worker-2: Loading available Gradle versions] INFO  o.e.b.c.i.u.g.PublishedGradleVersions - Gradle version information cache is up-to-date. Trying to read.
2020-03-13 09:51:40,350 [Worker-3: Loading available Gradle versions] INFO  o.e.b.c.i.u.g.PublishedGradleVersions - Gradle version information cache is up-to-date. Trying to read.
2020-03-13 09:54:30,144 [Worker-0: Loading available Gradle versions] INFO  o.e.b.c.i.u.g.PublishedGradleVersions - Gradle version information cache is up-to-date. Trying to read.
2020-03-13 11:02:32,826 [Worker-0: Loading available Gradle versions] INFO  o.e.b.c.i.u.g.PublishedGradleVersions - Gradle version information cache is up-to-date. Trying to read.
2020-03-13 11:05:56,655 [Worker-0: Loading available Gradle versions] INFO  o.e.b.c.i.u.g.PublishedGradleVersions - Gradle version information cache is up-to-date. Trying to read.
2020-03-13 11:11:57,585 [Worker-6: Loading available Gradle versions] INFO  o.e.b.c.i.u.g.PublishedGradleVersions - Gradle version information cache is up-to-date. Trying to read.
2020-03-13 11:20:57,086 [Worker-4: Loading available Gradle versions] INFO  o.e.b.c.i.u.g.PublishedGradleVersions - Gradle version information cache is up-to-date. Trying to read.
2020-03-13 11:22:42,794 [Worker-3: Loading available Gradle versions] INFO  o.e.b.c.i.u.g.PublishedGradleVersions - Gradle version information cache is up-to-date. Trying to read.
2020-03-13 11:32:38,189 [Worker-1: Loading available Gradle versions] INFO  o.e.b.c.i.u.g.PublishedGradleVersions - Gradle version information cache is up-to-date. Trying to read.
2020-03-13 11:34:12,410 [Worker-3: Loading available Gradle versions] INFO  o.e.b.c.i.u.g.PublishedGradleVersions - Gradle version information cache is up-to-date. Trying to read.
2020-03-13 11:40:41,486 [Worker-1: Loading available Gradle versions] INFO  o.e.b.c.i.u.g.PublishedGradleVersions - Gradle version information cache is up-to-date. Trying to read.
2020-03-13 11:53:29,293 [Worker-0: Loading available Gradle versions] INFO  o.e.b.c.i.u.g.PublishedGradleVersions - Gradle version information cache is up-to-date. Trying to read.
2020-03-13 12:32:31,092 [Worker-3: Loading available Gradle versions] INFO  o.e.b.c.i.u.g.PublishedGradleVersions - Gradle version information cache is up-to-date. Trying to read.
2020-03-15 11:15:23,732 [Worker-10: Loading available Gradle versions] INFO  o.e.b.c.i.u.g.PublishedGradleVersions - Gradle version information cache is out-of-date. Trying to update.
2020-03-16 09:00:30,838 [Worker-10: Loading available Gradle versions] INFO  o.e.b.c.i.u.g.PublishedGradleVersions - Gradle version information cache is up-to-date. Trying to read.
2020-03-16 11:52:32,607 [Worker-11: Loading available Gradle versions] INFO  o.e.b.c.i.u.g.PublishedGradleVersions - Gradle version information cache is out-of-date. Trying to update.
2020-03-16 15:09:40,227 [Worker-3: Loading available Gradle versions] INFO  o.e.b.c.i.u.g.PublishedGradleVersions - Gradle version information cache is up-to-date. Trying to read.
2020-03-16 16:24:41,645 [Worker-3: Loading available Gradle versions] INFO  o.e.b.c.i.u.g.PublishedGradleVersions - Gradle version information cache is up-to-date. Trying to read.
2020-03-17 09:23:10,935 [Worker-12: Loading available Gradle versions] INFO  o.e.b.c.i.u.g.PublishedGradleVersions - Gradle version information cache is up-to-date. Trying to read.
2020-03-17 10:05:25,493 [Worker-2: Loading available Gradle versions] INFO  o.e.b.c.i.u.g.PublishedGradleVersions - Gradle version information cache is up-to-date. Trying to read.
2020-03-17 10:21:32,285 [Worker-13: Loading available Gradle versions] INFO  o.e.b.c.i.u.g.PublishedGradleVersions - Gradle version information cache is up-to-date. Trying to read.
2020-03-17 10:26:40,260 [Worker-9: Loading available Gradle versions] INFO  o.e.b.c.i.u.g.PublishedGradleVersions - Gradle version information cache is up-to-date. Trying to read.
2020-03-17 11:17:58,185 [Worker-5: Loading available Gradle versions] INFO  o.e.b.c.i.u.g.PublishedGradleVersions - Gradle version information cache is up-to-date. Trying to read.
2020-03-17 11:47:01,245 [Worker-15: Loading available Gradle versions] INFO  o.e.b.c.i.u.g.PublishedGradleVersions - Gradle version information cache is up-to-date. Trying to read.
2020-03-17 11:54:52,169 [Worker-2: Loading available Gradle versions] INFO  o.e.b.c.i.u.g.PublishedGradleVersions - Gradle version information cache is out-of-date. Trying to update.
2020-03-17 12:26:23,086 [Worker-6: Loading available Gradle versions] INFO  o.e.b.c.i.u.g.PublishedGradleVersions - Gradle version information cache is up-to-date. Trying to read.
2020-03-17 12:57:53,300 [Worker-12: Loading available Gradle versions] INFO  o.e.b.c.i.u.g.PublishedGradleVersions - Gradle version information cache is up-to-date. Trying to read.
2020-03-18 09:28:30,757 [Worker-10: Loading available Gradle versions] INFO  o.e.b.c.i.u.g.PublishedGradleVersions - Gradle version information cache is up-to-date. Trying to read.
2020-03-18 11:02:31,683 [Worker-4: Loading available Gradle versions] INFO  o.e.b.c.i.u.g.PublishedGradleVersions - Gradle version information cache is up-to-date. Trying to read.
2020-03-18 12:11:41,480 [Worker-2: Loading available Gradle versions] INFO  o.e.b.c.i.u.g.PublishedGradleVersions - Gradle version information cache is out-of-date. Trying to update.
2020-03-19 09:09:23,612 [Worker-5: Loading available Gradle versions] INFO  o.e.b.c.i.u.g.PublishedGradleVersions - Gradle version information cache is up-to-date. Trying to read.
2020-03-20 09:11:59,724 [Worker-5: Loading available Gradle versions] INFO  o.e.b.c.i.u.g.PublishedGradleVersions - Gradle version information cache is out-of-date. Trying to update.
2020-03-20 15:50:20,459 [Worker-29: Loading available Gradle versions] INFO  o.e.b.c.i.u.g.PublishedGradleVersions - Gradle version information cache is up-to-date. Trying to read.
2020-03-23 08:58:57,474 [Worker-9: Loading available Gradle versions] INFO  o.e.b.c.i.u.g.PublishedGradleVersions - Gradle version information cache is out-of-date. Trying to update.
2020-03-23 14:46:40,636 [Worker-59: Push to git_eclipse0323 - origin] INFO  o.e.jgit.transport.TransportHttp - URI 'http://github.com/ansi91/git_eclipse0323': following HTTP redirect #0  http://github.com/ansi91/git_eclipse0323/ -> https://github.com/ansi91/git_eclipse0323/
2020-03-23 14:54:44,120 [ModalContext] INFO  o.e.jgit.transport.TransportHttp - URI 'http://github.com/ansi91/git_eclipse0323': following HTTP redirect #0  http://github.com/ansi91/git_eclipse0323/ -> https://github.com/ansi91/git_eclipse0323/
2020-03-23 14:57:25,665 [ModalContext] INFO  o.e.jgit.transport.TransportHttp - URI 'http://github.com/ansi91/git_eclipse0323': following HTTP redirect #0  http://github.com/ansi91/git_eclipse0323/ -> https://github.com/ansi91/git_eclipse0323/
2020-03-23 14:58:05,668 [Worker-62: Fetch from git_eclipse0323 - origin] INFO  o.e.jgit.transport.TransportHttp - URI 'http://github.com/ansi91/git_eclipse0323': following HTTP redirect #0  http://github.com/ansi91/git_eclipse0323/ -> https://github.com/ansi91/git_eclipse0323/
2020-03-23 15:14:02,333 [Worker-68: Fetching remote refs from http://github.com/ansi91/git_eclipse0323] INFO  o.e.jgit.transport.TransportHttp - URI 'http://github.com/ansi91/git_eclipse0323': following HTTP redirect #0  http://github.com/ansi91/git_eclipse0323/ -> https://github.com/ansi91/git_eclipse0323/
2020-03-23 15:14:08,579 [ModalContext] INFO  o.e.jgit.transport.TransportHttp - URI 'http://github.com/ansi91/git_eclipse0323': following HTTP redirect #0  http://github.com/ansi91/git_eclipse0323/ -> https://github.com/ansi91/git_eclipse0323/
2020-03-23 15:15:26,149 [ModalContext] INFO  o.e.jgit.transport.TransportHttp - URI 'http://github.com/ansi91/git_eclipse0323': following HTTP redirect #0  http://github.com/ansi91/git_eclipse0323/ -> https://github.com/ansi91/git_eclipse0323/
2020-03-23 15:16:57,535 [ModalContext] INFO  o.e.jgit.transport.TransportHttp - URI 'http://github.com/ansi91/git_eclipse0323': following HTTP redirect #0  http://github.com/ansi91/git_eclipse0323/ -> https://github.com/ansi91/git_eclipse0323/
2020-03-23 15:17:09,206 [Worker-66: Pushing to http://github.com/ansi91/git_eclipse0323] INFO  o.e.jgit.transport.TransportHttp - URI 'http://github.com/ansi91/git_eclipse0323': following HTTP redirect #0  http://github.com/ansi91/git_eclipse0323/ -> https://github.com/ansi91/git_eclipse0323/
2020-03-23 15:46:08,822 [ModalContext] INFO  o.e.jgit.transport.TransportHttp - URI 'http://github.com/ansi91/git_eclipse0323': following HTTP redirect #0  http://github.com/ansi91/git_eclipse0323/ -> https://github.com/ansi91/git_eclipse0323/
2020-03-23 15:46:37,120 [ModalContext] INFO  o.e.jgit.transport.TransportHttp - URI 'http://github.com/ansi91/git_eclipse0323': following HTTP redirect #0  http://github.com/ansi91/git_eclipse0323/ -> https://github.com/ansi91/git_eclipse0323/
2020-03-23 15:46:49,074 [Worker-66: Pushing to http://github.com/ansi91/git_eclipse0323] INFO  o.e.jgit.transport.TransportHttp - URI 'http://github.com/ansi91/git_eclipse0323': following HTTP redirect #0  http://github.com/ansi91/git_eclipse0323/ -> https://github.com/ansi91/git_eclipse0323/
2020-03-23 15:57:09,109 [ModalContext] INFO  o.e.jgit.transport.TransportHttp - URI 'http://github.com/ansi91/git_eclipse0323': following HTTP redirect #0  http://github.com/ansi91/git_eclipse0323/ -> https://github.com/ansi91/git_eclipse0323/
2020-03-23 15:57:51,412 [ModalContext] INFO  o.e.jgit.transport.TransportHttp - URI 'http://github.com/ansi91/git_eclipse0323': following HTTP redirect #0  http://github.com/ansi91/git_eclipse0323/ -> https://github.com/ansi91/git_eclipse0323/
2020-03-23 15:58:03,362 [Worker-79: Pushing to http://github.com/ansi91/git_eclipse0323] INFO  o.e.jgit.transport.TransportHttp - URI 'http://github.com/ansi91/git_eclipse0323': following HTTP redirect #0  http://github.com/ansi91/git_eclipse0323/ -> https://github.com/ansi91/git_eclipse0323/
2020-03-23 16:05:58,407 [Worker-85: Fetching remote refs from http://github.com/ansi91/git_eclipse0323] INFO  o.e.jgit.transport.TransportHttp - URI 'http://github.com/ansi91/git_eclipse0323': following HTTP redirect #0  http://github.com/ansi91/git_eclipse0323/ -> https://github.com/ansi91/git_eclipse0323/
2020-03-23 16:06:00,866 [ModalContext] INFO  o.e.jgit.transport.TransportHttp - URI 'http://github.com/ansi91/git_eclipse0323': following HTTP redirect #0  http://github.com/ansi91/git_eclipse0323/ -> https://github.com/ansi91/git_eclipse0323/
2020-03-23 16:07:00,812 [Worker-82: Push to http://github.com/ansi91/git_eclipse0323] INFO  o.e.jgit.transport.TransportHttp - URI 'http://github.com/ansi91/git_eclipse0323': following HTTP redirect #0  http://github.com/ansi91/git_eclipse0323/ -> https://github.com/ansi91/git_eclipse0323/
2020-03-23 16:11:42,861 [ModalContext] INFO  o.e.jgit.transport.TransportHttp - URI 'http://github.com/ansi91/git_eclipse0323': following HTTP redirect #0  http://github.com/ansi91/git_eclipse0323/ -> https://github.com/ansi91/git_eclipse0323/
2020-03-23 16:11:56,019 [ModalContext] INFO  o.e.jgit.transport.TransportHttp - URI 'http://github.com/ansi91/git_eclipse0323': following HTTP redirect #0  http://github.com/ansi91/git_eclipse0323/ -> https://github.com/ansi91/git_eclipse0323/
2020-03-23 16:12:16,401 [Worker-87: Fetch from git_eclipse0323 - origin] INFO  o.e.jgit.transport.TransportHttp - URI 'http://github.com/ansi91/git_eclipse0323': following HTTP redirect #0  http://github.com/ansi91/git_eclipse0323/ -> https://github.com/ansi91/git_eclipse0323/
2020-03-23 16:13:37,244 [ModalContext] INFO  o.e.jgit.transport.TransportHttp - URI 'http://github.com/ansi91/git_eclipse0323': following HTTP redirect #0  http://github.com/ansi91/git_eclipse0323/ -> https://github.com/ansi91/git_eclipse0323/
2020-03-23 16:15:04,443 [ModalContext] INFO  o.e.jgit.transport.TransportHttp - URI 'http://github.com/ansi91/git_eclipse0323': following HTTP redirect #0  http://github.com/ansi91/git_eclipse0323/ -> https://github.com/ansi91/git_eclipse0323/
2020-03-23 16:15:28,110 [ModalContext] INFO  o.e.jgit.transport.TransportHttp - URI 'http://github.com/ansi91/git_eclipse0323': following HTTP redirect #0  http://github.com/ansi91/git_eclipse0323/ -> https://github.com/ansi91/git_eclipse0323/
2020-03-23 16:15:35,650 [Worker-89: Pushing to http://github.com/ansi91/git_eclipse0323] INFO  o.e.jgit.transport.TransportHttp - URI 'http://github.com/ansi91/git_eclipse0323': following HTTP redirect #0  http://github.com/ansi91/git_eclipse0323/ -> https://github.com/ansi91/git_eclipse0323/
2020-03-23 16:28:58,701 [Worker-82: Fetching changes before synchronization launch] INFO  o.e.jgit.transport.TransportHttp - URI 'http://github.com/ansi91/git_eclipse0323': following HTTP redirect #0  http://github.com/ansi91/git_eclipse0323/ -> https://github.com/ansi91/git_eclipse0323/
2020-03-23 16:29:14,610 [Worker-82: Fetching changes before synchronization launch] INFO  o.e.jgit.transport.TransportHttp - URI 'http://github.com/ansi91/git_eclipse0323': following HTTP redirect #0  http://github.com/ansi91/git_eclipse0323/ -> https://github.com/ansi91/git_eclipse0323/
2020-03-23 16:37:30,103 [ModalContext] INFO  o.e.jgit.transport.TransportHttp - URI 'http://github.com/ansi91/git_eclipse0323': following HTTP redirect #0  http://github.com/ansi91/git_eclipse0323/ -> https://github.com/ansi91/git_eclipse0323/
2020-03-23 16:38:12,394 [Worker-98: Fetch from git_eclipse0323 - origin] INFO  o.e.jgit.transport.TransportHttp - URI 'http://github.com/ansi91/git_eclipse0323': following HTTP redirect #0  http://github.com/ansi91/git_eclipse0323/ -> https://github.com/ansi91/git_eclipse0323/
2020-03-23 16:38:35,070 [Worker-98: Fetch from git_eclipse0323 - origin] INFO  o.e.jgit.transport.TransportHttp - URI 'http://github.com/ansi91/git_eclipse0323': following HTTP redirect #0  http://github.com/ansi91/git_eclipse0323/ -> https://github.com/ansi91/git_eclipse0323/
2020-03-23 16:38:46,128 [ModalContext] INFO  o.e.jgit.transport.TransportHttp - URI 'http://github.com/ansi91/git_eclipse0323': following HTTP redirect #0  http://github.com/ansi91/git_eclipse0323/ -> https://github.com/ansi91/git_eclipse0323/
2020-03-23 16:39:13,247 [Worker-97: Fetch from git_eclipse0323 - origin] INFO  o.e.jgit.transport.TransportHttp - URI 'http://github.com/ansi91/git_eclipse0323': following HTTP redirect #0  http://github.com/ansi91/git_eclipse0323/ -> https://github.com/ansi91/git_eclipse0323/
2020-03-23 16:39:51,647 [ModalContext] INFO  o.e.jgit.transport.TransportHttp - URI 'http://github.com/ansi91/git_eclipse0323': following HTTP redirect #0  http://github.com/ansi91/git_eclipse0323/ -> https://github.com/ansi91/git_eclipse0323/
2020-03-23 16:40:16,198 [Worker-82: Fetch from git_eclipse0323 - origin] INFO  o.e.jgit.transport.TransportHttp - URI 'http://github.com/ansi91/git_eclipse0323': following HTTP redirect #0  http://github.com/ansi91/git_eclipse0323/ -> https://github.com/ansi91/git_eclipse0323/
2020-03-23 16:42:35,435 [ModalContext] INFO  o.e.jgit.transport.TransportHttp - URI 'http://github.com/ansi91/git_eclipse0323': following HTTP redirect #0  http://github.com/ansi91/git_eclipse0323/ -> https://github.com/ansi91/git_eclipse0323/
2020-03-23 16:42:53,448 [ModalContext] INFO  o.e.jgit.transport.TransportHttp - URI 'http://github.com/ansi91/git_eclipse0323': following HTTP redirect #0  http://github.com/ansi91/git_eclipse0323/ -> https://github.com/ansi91/git_eclipse0323/
2020-03-23 16:43:15,650 [Worker-95: Pushing to http://github.com/ansi91/git_eclipse0323] INFO  o.e.jgit.transport.TransportHttp - URI 'http://github.com/ansi91/git_eclipse0323': following HTTP redirect #0  http://github.com/ansi91/git_eclipse0323/ -> https://github.com/ansi91/git_eclipse0323/
2020-03-23 16:52:45,507 [ModalContext] INFO  o.e.jgit.transport.TransportHttp - URI 'http://github.com/ansi91/git_eclipse0323': following HTTP redirect #0  http://github.com/ansi91/git_eclipse0323/ -> https://github.com/ansi91/git_eclipse0323/
2020-03-23 16:53:03,857 [Worker-105: Pushing to http://github.com/ansi91/git_eclipse0323] INFO  o.e.jgit.transport.TransportHttp - URI 'http://github.com/ansi91/git_eclipse0323': following HTTP redirect #0  http://github.com/ansi91/git_eclipse0323/ -> https://github.com/ansi91/git_eclipse0323/
2020-03-23 16:54:11,000 [ModalContext] INFO  o.e.jgit.transport.TransportHttp - URI 'http://github.com/ansi91/git_eclipse0323': following HTTP redirect #0  http://github.com/ansi91/git_eclipse0323/ -> https://github.com/ansi91/git_eclipse0323/
2020-03-23 16:54:24,349 [ModalContext] INFO  o.e.jgit.transport.TransportHttp - URI 'http://github.com/ansi91/git_eclipse0323': following HTTP redirect #0  http://github.com/ansi91/git_eclipse0323/ -> https://github.com/ansi91/git_eclipse0323/
2020-03-23 16:54:35,381 [Worker-97: Pushing to http://github.com/ansi91/git_eclipse0323] INFO  o.e.jgit.transport.TransportHttp - URI 'http://github.com/ansi91/git_eclipse0323': following HTTP redirect #0  http://github.com/ansi91/git_eclipse0323/ -> https://github.com/ansi91/git_eclipse0323/
2020-03-23 16:54:51,654 [ModalContext] INFO  o.e.jgit.transport.TransportHttp - URI 'http://github.com/ansi91/git_eclipse0323': following HTTP redirect #0  http://github.com/ansi91/git_eclipse0323/ -> https://github.com/ansi91/git_eclipse0323/
2020-03-23 16:55:07,968 [Worker-107: Push to git_eclipse0323 - origin] INFO  o.e.jgit.transport.TransportHttp - URI 'http://github.com/ansi91/git_eclipse0323': following HTTP redirect #0  http://github.com/ansi91/git_eclipse0323/ -> https://github.com/ansi91/git_eclipse0323/
2020-03-23 16:56:02,595 [ModalContext] INFO  o.e.jgit.transport.TransportHttp - URI 'http://github.com/ansi91/git_eclipse0323': following HTTP redirect #0  http://github.com/ansi91/git_eclipse0323/ -> https://github.com/ansi91/git_eclipse0323/
2020-03-23 16:56:26,405 [ModalContext] INFO  o.e.jgit.transport.TransportHttp - URI 'http://github.com/ansi91/git_eclipse0323': following HTTP redirect #0  http://github.com/ansi91/git_eclipse0323/ -> https://github.com/ansi91/git_eclipse0323/
2020-03-23 16:56:35,821 [Worker-110: Pushing to http://github.com/ansi91/git_eclipse0323] INFO  o.e.jgit.transport.TransportHttp - URI 'http://github.com/ansi91/git_eclipse0323': following HTTP redirect #0  http://github.com/ansi91/git_eclipse0323/ -> https://github.com/ansi91/git_eclipse0323/
2020-03-23 16:58:35,341 [Worker-111: Fetching remote refs from http://github.com/ansi91/git_eclipse0323] INFO  o.e.jgit.transport.TransportHttp - URI 'http://github.com/ansi91/git_eclipse0323': following HTTP redirect #0  http://github.com/ansi91/git_eclipse0323/ -> https://github.com/ansi91/git_eclipse0323/
2020-03-23 16:58:40,339 [ModalContext] INFO  o.e.jgit.transport.TransportHttp - URI 'http://github.com/ansi91/git_eclipse0323': following HTTP redirect #0  http://github.com/ansi91/git_eclipse0323/ -> https://github.com/ansi91/git_eclipse0323/
2020-03-23 16:58:50,376 [Worker-113: Push to http://github.com/ansi91/git_eclipse0323] INFO  o.e.jgit.transport.TransportHttp - URI 'http://github.com/ansi91/git_eclipse0323': following HTTP redirect #0  http://github.com/ansi91/git_eclipse0323/ -> https://github.com/ansi91/git_eclipse0323/
2020-03-23 17:00:23,289 [ModalContext] INFO  o.e.jgit.transport.TransportHttp - URI 'http://github.com/ansi91/git_eclipse0323': following HTTP redirect #0  http://github.com/ansi91/git_eclipse0323/ -> https://github.com/ansi91/git_eclipse0323/
2020-03-23 17:00:35,890 [ModalContext] INFO  o.e.jgit.transport.TransportHttp - URI 'http://github.com/ansi91/git_eclipse0323': following HTTP redirect #0  http://github.com/ansi91/git_eclipse0323/ -> https://github.com/ansi91/git_eclipse0323/
2020-03-23 17:00:46,211 [Worker-111: Pushing to http://github.com/ansi91/git_eclipse0323] INFO  o.e.jgit.transport.TransportHttp - URI 'http://github.com/ansi91/git_eclipse0323': following HTTP redirect #0  http://github.com/ansi91/git_eclipse0323/ -> https://github.com/ansi91/git_eclipse0323/
2020-03-23 17:03:33,617 [Worker-114: Pulling origin from http://github.com/ansi91/git_eclipse0323] INFO  o.e.jgit.transport.TransportHttp - URI 'http://github.com/ansi91/git_eclipse0323': following HTTP redirect #0  http://github.com/ansi91/git_eclipse0323/ -> https://github.com/ansi91/git_eclipse0323/
2020-03-23 17:12:24,453 [Worker-122: Fetching remote refs from http://github.com/ansi91/git_eclipse0323] INFO  o.e.jgit.transport.TransportHttp - URI 'http://github.com/ansi91/git_eclipse0323': following HTTP redirect #0  http://github.com/ansi91/git_eclipse0323/ -> https://github.com/ansi91/git_eclipse0323/
2020-03-23 17:12:33,055 [ModalContext] INFO  o.e.jgit.transport.TransportHttp - URI 'http://github.com/ansi91/git_eclipse0323': following HTTP redirect #0  http://github.com/ansi91/git_eclipse0323/ -> https://github.com/ansi91/git_eclipse0323/
2020-03-23 17:12:42,201 [Worker-115: Push to http://github.com/ansi91/git_eclipse0323] INFO  o.e.jgit.transport.TransportHttp - URI 'http://github.com/ansi91/git_eclipse0323': following HTTP redirect #0  http://github.com/ansi91/git_eclipse0323/ -> https://github.com/ansi91/git_eclipse0323/
2020-03-23 17:13:07,577 [Worker-122: Push to git_eclipse0323 - origin] INFO  o.e.jgit.transport.TransportHttp - URI 'http://github.com/ansi91/git_eclipse0323': following HTTP redirect #0  http://github.com/ansi91/git_eclipse0323/ -> https://github.com/ansi91/git_eclipse0323/
2020-03-23 17:17:09,233 [ModalContext] INFO  o.e.jgit.transport.TransportHttp - URI 'http://github.com/ansi91/git_eclipse0323': following HTTP redirect #0  http://github.com/ansi91/git_eclipse0323/ -> https://github.com/ansi91/git_eclipse0323/
2020-03-23 17:18:15,317 [Worker-123: Fetching remote refs from http://github.com/ansi91/git_eclipse0323] INFO  o.e.jgit.transport.TransportHttp - URI 'http://github.com/ansi91/git_eclipse0323': following HTTP redirect #0  http://github.com/ansi91/git_eclipse0323/ -> https://github.com/ansi91/git_eclipse0323/
2020-03-23 17:18:17,391 [ModalContext] INFO  o.e.jgit.transport.TransportHttp - URI 'http://github.com/ansi91/git_eclipse0323': following HTTP redirect #0  http://github.com/ansi91/git_eclipse0323/ -> https://github.com/ansi91/git_eclipse0323/
2020-03-23 17:18:38,438 [Worker-120: Push to http://github.com/ansi91/git_eclipse0323] INFO  o.e.jgit.transport.TransportHttp - URI 'http://github.com/ansi91/git_eclipse0323': following HTTP redirect #0  http://github.com/ansi91/git_eclipse0323/ -> https://github.com/ansi91/git_eclipse0323/
2020-03-23 17:19:23,290 [Worker-120: Pulling origin from http://github.com/ansi91/git_eclipse0323] INFO  o.e.jgit.transport.TransportHttp - URI 'http://github.com/ansi91/git_eclipse0323': following HTTP redirect #0  http://github.com/ansi91/git_eclipse0323/ -> https://github.com/ansi91/git_eclipse0323/
2020-03-23 17:19:36,865 [Worker-115: Fetching remote refs from http://github.com/ansi91/git_eclipse0323] INFO  o.e.jgit.transport.TransportHttp - URI 'http://github.com/ansi91/git_eclipse0323': following HTTP redirect #0  http://github.com/ansi91/git_eclipse0323/ -> https://github.com/ansi91/git_eclipse0323/
2020-03-23 17:19:39,836 [Worker-115: Pulling origin from http://github.com/ansi91/git_eclipse0323] INFO  o.e.jgit.transport.TransportHttp - URI 'http://github.com/ansi91/git_eclipse0323': following HTTP redirect #0  http://github.com/ansi91/git_eclipse0323/ -> https://github.com/ansi91/git_eclipse0323/
2020-03-23 17:21:05,108 [ModalContext] INFO  o.e.jgit.transport.TransportHttp - URI 'http://github.com/ansi91/git_eclipse0323': following HTTP redirect #0  http://github.com/ansi91/git_eclipse0323/ -> https://github.com/ansi91/git_eclipse0323/
2020-03-23 17:21:30,877 [Worker-124: Pushing to http://github.com/ansi91/git_eclipse0323] INFO  o.e.jgit.transport.TransportHttp - URI 'http://github.com/ansi91/git_eclipse0323': following HTTP redirect #0  http://github.com/ansi91/git_eclipse0323/ -> https://github.com/ansi91/git_eclipse0323/
2020-03-23 17:22:48,103 [Worker-126: Fetching remote refs from http://github.com/ansi91/git_eclipse0323] INFO  o.e.jgit.transport.TransportHttp - URI 'http://github.com/ansi91/git_eclipse0323': following HTTP redirect #0  http://github.com/ansi91/git_eclipse0323/ -> https://github.com/ansi91/git_eclipse0323/
2020-03-23 17:22:49,734 [ModalContext] INFO  o.e.jgit.transport.TransportHttp - URI 'http://github.com/ansi91/git_eclipse0323': following HTTP redirect #0  http://github.com/ansi91/git_eclipse0323/ -> https://github.com/ansi91/git_eclipse0323/
2020-03-23 17:22:56,117 [Worker-124: Push to http://github.com/ansi91/git_eclipse0323] INFO  o.e.jgit.transport.TransportHttp - URI 'http://github.com/ansi91/git_eclipse0323': following HTTP redirect #0  http://github.com/ansi91/git_eclipse0323/ -> https://github.com/ansi91/git_eclipse0323/
2020-03-23 17:25:45,641 [ModalContext] INFO  o.e.jgit.transport.TransportHttp - URI 'http://github.com/ansi91/git_eclipse0323': following HTTP redirect #0  http://github.com/ansi91/git_eclipse0323/ -> https://github.com/ansi91/git_eclipse0323/
2020-03-23 17:25:58,551 [Worker-121: Fetch from git_eclipse0323 - origin] INFO  o.e.jgit.transport.TransportHttp - URI 'http://github.com/ansi91/git_eclipse0323': following HTTP redirect #0  http://github.com/ansi91/git_eclipse0323/ -> https://github.com/ansi91/git_eclipse0323/
2020-03-23 17:29:05,389 [Worker-128: Fetching remote refs from http://github.com/ansi91/git_eclipse0323] INFO  o.e.jgit.transport.TransportHttp - URI 'http://github.com/ansi91/git_eclipse0323': following HTTP redirect #0  http://github.com/ansi91/git_eclipse0323/ -> https://github.com/ansi91/git_eclipse0323/
2020-03-23 17:29:07,019 [ModalContext] INFO  o.e.jgit.transport.TransportHttp - URI 'http://github.com/ansi91/git_eclipse0323': following HTTP redirect #0  http://github.com/ansi91/git_eclipse0323/ -> https://github.com/ansi91/git_eclipse0323/
2020-03-23 17:29:14,513 [Worker-129: Push to http://github.com/ansi91/git_eclipse0323] INFO  o.e.jgit.transport.TransportHttp - URI 'http://github.com/ansi91/git_eclipse0323': following HTTP redirect #0  http://github.com/ansi91/git_eclipse0323/ -> https://github.com/ansi91/git_eclipse0323/
2020-03-23 17:37:01,688 [Worker-133: Fetching remote refs from http://github.com/ansi91/git_eclipse0323] INFO  o.e.jgit.transport.TransportHttp - URI 'http://github.com/ansi91/git_eclipse0323': following HTTP redirect #0  http://github.com/ansi91/git_eclipse0323/ -> https://github.com/ansi91/git_eclipse0323/
2020-03-23 17:37:03,353 [ModalContext] INFO  o.e.jgit.transport.TransportHttp - URI 'http://github.com/ansi91/git_eclipse0323': following HTTP redirect #0  http://github.com/ansi91/git_eclipse0323/ -> https://github.com/ansi91/git_eclipse0323/
2020-03-23 17:37:12,491 [Worker-135: Push to http://github.com/ansi91/git_eclipse0323] INFO  o.e.jgit.transport.TransportHttp - URI 'http://github.com/ansi91/git_eclipse0323': following HTTP redirect #0  http://github.com/ansi91/git_eclipse0323/ -> https://github.com/ansi91/git_eclipse0323/
2020-03-23 17:40:27,994 [Worker-121: Fetching remote refs from http://github.com/ansi91/git_eclipse0323] INFO  o.e.jgit.transport.TransportHttp - URI 'http://github.com/ansi91/git_eclipse0323': following HTTP redirect #0  http://github.com/ansi91/git_eclipse0323/ -> https://github.com/ansi91/git_eclipse0323/
2020-03-23 17:40:30,744 [ModalContext] INFO  o.e.jgit.transport.TransportHttp - URI 'http://github.com/ansi91/git_eclipse0323': following HTTP redirect #0  http://github.com/ansi91/git_eclipse0323/ -> https://github.com/ansi91/git_eclipse0323/
2020-03-23 17:40:41,782 [Worker-134: Push to http://github.com/ansi91/git_eclipse0323] INFO  o.e.jgit.transport.TransportHttp - URI 'http://github.com/ansi91/git_eclipse0323': following HTTP redirect #0  http://github.com/ansi91/git_eclipse0323/ -> https://github.com/ansi91/git_eclipse0323/
2020-03-23 17:53:46,274 [ModalContext] INFO  o.e.jgit.transport.TransportHttp - URI 'http://github.com/ansi91/git_eclipse0323': following HTTP redirect #0  http://github.com/ansi91/git_eclipse0323/ -> https://github.com/ansi91/git_eclipse0323/
2020-03-23 17:54:12,139 [ModalContext] INFO  o.e.jgit.transport.TransportHttp - URI 'http://github.com/ansi91/git_eclipse0323': following HTTP redirect #0  http://github.com/ansi91/git_eclipse0323/ -> https://github.com/ansi91/git_eclipse0323/
2020-03-23 17:54:24,102 [Worker-147: Pushing to http://github.com/ansi91/git_eclipse0323] INFO  o.e.jgit.transport.TransportHttp - URI 'http://github.com/ansi91/git_eclipse0323': following HTTP redirect #0  http://github.com/ansi91/git_eclipse0323/ -> https://github.com/ansi91/git_eclipse0323/
2020-03-23 17:58:07,197 [ModalContext] INFO  o.e.jgit.transport.TransportHttp - URI 'http://github.com/ansi91/git_eclipse0323': following HTTP redirect #0  http://github.com/ansi91/git_eclipse0323/ -> https://github.com/ansi91/git_eclipse0323/
2020-03-23 17:58:18,813 [ModalContext] INFO  o.e.jgit.transport.TransportHttp - URI 'http://github.com/ansi91/git_eclipse0323': following HTTP redirect #0  http://github.com/ansi91/git_eclipse0323/ -> https://github.com/ansi91/git_eclipse0323/
2020-03-23 17:58:28,796 [Worker-147: Pushing to http://github.com/ansi91/git_eclipse0323] INFO  o.e.jgit.transport.TransportHttp - URI 'http://github.com/ansi91/git_eclipse0323': following HTTP redirect #0  http://github.com/ansi91/git_eclipse0323/ -> https://github.com/ansi91/git_eclipse0323/
2020-03-23 18:00:56,685 [Worker-158: Fetching remote refs from http://github.com/ansi91/git_eclipse0323] INFO  o.e.jgit.transport.TransportHttp - URI 'http://github.com/ansi91/git_eclipse0323': following HTTP redirect #0  http://github.com/ansi91/git_eclipse0323/ -> https://github.com/ansi91/git_eclipse0323/
2020-03-23 18:00:57,990 [ModalContext] INFO  o.e.jgit.transport.TransportHttp - URI 'http://github.com/ansi91/git_eclipse0323': following HTTP redirect #0  http://github.com/ansi91/git_eclipse0323/ -> https://github.com/ansi91/git_eclipse0323/
2020-03-23 18:01:05,514 [Worker-156: Push to http://github.com/ansi91/git_eclipse0323] INFO  o.e.jgit.transport.TransportHttp - URI 'http://github.com/ansi91/git_eclipse0323': following HTTP redirect #0  http://github.com/ansi91/git_eclipse0323/ -> https://github.com/ansi91/git_eclipse0323/
2020-03-23 18:02:10,523 [Worker-156: Fetching remote refs from http://github.com/ansi91/git_eclipse0323] INFO  o.e.jgit.transport.TransportHttp - URI 'http://github.com/ansi91/git_eclipse0323': following HTTP redirect #0  http://github.com/ansi91/git_eclipse0323/ -> https://github.com/ansi91/git_eclipse0323/
2020-03-23 18:02:12,101 [ModalContext] INFO  o.e.jgit.transport.TransportHttp - URI 'http://github.com/ansi91/git_eclipse0323': following HTTP redirect #0  http://github.com/ansi91/git_eclipse0323/ -> https://github.com/ansi91/git_eclipse0323/
2020-03-23 18:02:19,358 [Worker-147: Push to http://github.com/ansi91/git_eclipse0323] INFO  o.e.jgit.transport.TransportHttp - URI 'http://github.com/ansi91/git_eclipse0323': following HTTP redirect #0  http://github.com/ansi91/git_eclipse0323/ -> https://github.com/ansi91/git_eclipse0323/
2020-03-23 18:04:11,098 [ModalContext] INFO  o.e.jgit.transport.TransportHttp - URI 'http://github.com/ansi91/git_eclipse0323': following HTTP redirect #0  http://github.com/ansi91/git_eclipse0323/ -> https://github.com/ansi91/git_eclipse0323/
2020-03-23 18:04:53,281 [Worker-156: Fetching remote refs from http://github.com/ansi91/git_eclipse0323] INFO  o.e.jgit.transport.TransportHttp - URI 'http://github.com/ansi91/git_eclipse0323': following HTTP redirect #0  http://github.com/ansi91/git_eclipse0323/ -> https://github.com/ansi91/git_eclipse0323/
2020-03-23 18:05:09,604 [ModalContext] INFO  o.e.jgit.transport.TransportHttp - URI 'http://github.com/ansi91/git_eclipse0323': following HTTP redirect #0  http://github.com/ansi91/git_eclipse0323/ -> https://github.com/ansi91/git_eclipse0323/
2020-03-23 18:05:25,094 [Worker-155: Push to http://github.com/ansi91/git_eclipse0323] INFO  o.e.jgit.transport.TransportHttp - URI 'http://github.com/ansi91/git_eclipse0323': following HTTP redirect #0  http://github.com/ansi91/git_eclipse0323/ -> https://github.com/ansi91/git_eclipse0323/
2020-03-23 18:12:14,549 [ModalContext] INFO  o.e.jgit.transport.TransportHttp - URI 'http://github.com/ansi91/git_eclipse0323': following HTTP redirect #0  http://github.com/ansi91/git_eclipse0323/ -> https://github.com/ansi91/git_eclipse0323/
2020-03-23 18:12:21,664 [ModalContext] INFO  o.e.jgit.transport.TransportHttp - URI 'http://github.com/ansi91/git_eclipse0323': following HTTP redirect #0  http://github.com/ansi91/git_eclipse0323/ -> https://github.com/ansi91/git_eclipse0323/
2020-03-23 18:12:31,262 [Worker-155: Pushing to http://github.com/ansi91/git_eclipse0323] INFO  o.e.jgit.transport.TransportHttp - URI 'http://github.com/ansi91/git_eclipse0323': following HTTP redirect #0  http://github.com/ansi91/git_eclipse0323/ -> https://github.com/ansi91/git_eclipse0323/
2020-03-23 18:22:29,223 [Worker-167: Fetching changes before synchronization launch] INFO  o.e.jgit.transport.TransportHttp - URI 'http://github.com/ansi91/git_eclipse0323': following HTTP redirect #0  http://github.com/ansi91/git_eclipse0323/ -> https://github.com/ansi91/git_eclipse0323/
2020-03-24 09:20:30,012 [Worker-12: Loading available Gradle versions] INFO  o.e.b.c.i.u.g.PublishedGradleVersions - Gradle version information cache is out-of-date. Trying to update.
2020-03-26 09:25:57,942 [Worker-20: Loading available Gradle versions] INFO  o.e.b.c.i.u.g.PublishedGradleVersions - Gradle version information cache is up-to-date. Trying to read.
2020-03-27 11:00:07,348 [Worker-1: Loading available Gradle versions] INFO  o.e.b.c.i.u.g.PublishedGradleVersions - Gradle version information cache is up-to-date. Trying to read.
